Last login: Tue Aug 28 16:26:42 2018 from 183.12.194.197
cd /root
sh linwb.sh
exit
[root@localhost ~]# cd /root
[root@localhost ~]# sh linwb.sh
Archive:  LINWB2018-08-28.zip
  inflating: README.md               
  inflating: app.js                  
  inflating: debug.html              
  inflating: gulpfile.js             
  inflating: package.json            
  inflating: routes_mount.js         
  inflating: shell.log               
  inflating: common/comm_func.js     
  inflating: common/mysql_pool.js    
  inflating: common/validator_extend.js  
  inflating: common/wechat_api.js    
  inflating: business/account_business.js  
  inflating: business/account_dao.js  
  inflating: business/basic_business.js  
  inflating: business/basic_dao.js   
  inflating: business/cart_business.js  
  inflating: business/cart_dao.js    
  inflating: business/goods_business.js  
  inflating: business/goods_dao.js   
  inflating: config/ResJson.js       
  inflating: config/auth.js          
  inflating: config/config_web.js    
  inflating: config/webScoket.js     
  inflating: controllers/account.js  
  inflating: controllers/basic.js    
  inflating: controllers/cart.js     
  inflating: controllers/goods.js    
  inflating: apidoc/api_data.js      
  inflating: apidoc/api_data.json    
  inflating: apidoc/api_project.js   
  inflating: apidoc/api_project.json  
  inflating: apidoc/index.html       
  inflating: apidoc/main.js          
  inflating: apidoc/img/favicon.ico  
  inflating: apidoc/css/style.css    
  inflating: apidoc/fonts/glyphicons-halflings-regular.eot  
  inflating: apidoc/fonts/glyphicons-halflings-regular.svg  
  inflating: apidoc/fonts/glyphicons-halflings-regular.ttf  
  inflating: apidoc/fonts/glyphicons-halflings-regular.woff  
  inflating: apidoc/fonts/glyphicons-halflings-regular.woff2  
  inflating: apidoc/locales/ca.js    
  inflating: apidoc/locales/de.js    
  inflating: apidoc/locales/es.js    
  inflating: apidoc/locales/fr.js    
  inflating: apidoc/locales/it.js    
  inflating: apidoc/locales/locale.js  
  inflating: apidoc/locales/nl.js    
  inflating: apidoc/locales/pl.js    
  inflating: apidoc/locales/pt_br.js  
  inflating: apidoc/locales/ro.js    
  inflating: apidoc/locales/ru.js    
  inflating: apidoc/locales/tr.js    
  inflating: apidoc/locales/vi.js    
  inflating: apidoc/locales/zh.js    
  inflating: apidoc/locales/zh_cn.js  
  inflating: apidoc/vendor/bootstrap.min.css  
  inflating: apidoc/vendor/bootstrap.min.js  
  inflating: apidoc/vendor/diff_match_patch.min.js  
  inflating: apidoc/vendor/handlebars.min.js  
  inflating: apidoc/vendor/jquery.min.js  
  inflating: apidoc/vendor/list.min.js  
  inflating: apidoc/vendor/lodash.custom.min.js  
  inflating: apidoc/vendor/polyfill.js  
  inflating: apidoc/vendor/prettify.css  
  inflating: apidoc/vendor/require.min.js  
  inflating: apidoc/vendor/semver.min.js  
  inflating: apidoc/vendor/webfontloader.js  
  inflating: apidoc/utils/handlebars_helper.js  
  inflating: apidoc/utils/send_sample_request.js  
  inflating: apidoc/vendor/path-to-regexp/LICENSE  
  inflating: apidoc/vendor/path-to-regexp/index.js  
  inflating: apidoc/vendor/prettify/lang-Splus.js  
  inflating: apidoc/vendor/prettify/lang-aea.js  
  inflating: apidoc/vendor/prettify/lang-agc.js  
  inflating: apidoc/vendor/prettify/lang-apollo.js  
  inflating: apidoc/vendor/prettify/lang-basic.js  
  inflating: apidoc/vendor/prettify/lang-cbm.js  
  inflating: apidoc/vendor/prettify/lang-cl.js  
  inflating: apidoc/vendor/prettify/lang-clj.js  
  inflating: apidoc/vendor/prettify/lang-css.js  
  inflating: apidoc/vendor/prettify/lang-dart.js  
  inflating: apidoc/vendor/prettify/lang-el.js  
  inflating: apidoc/vendor/prettify/lang-erl.js  
  inflating: apidoc/vendor/prettify/lang-erlang.js  
  inflating: apidoc/vendor/prettify/lang-fs.js  
  inflating: apidoc/vendor/prettify/lang-go.js  
  inflating: apidoc/vendor/prettify/lang-hs.js  
  inflating: apidoc/vendor/prettify/lang-lasso.js  
  inflating: apidoc/vendor/prettify/lang-lassoscript.js  
  inflating: apidoc/vendor/prettify/lang-latex.js  
  inflating: apidoc/vendor/prettify/lang-lgt.js  
  inflating: apidoc/vendor/prettify/lang-lisp.js  
  inflating: apidoc/vendor/prettify/lang-ll.js  
  inflating: apidoc/vendor/prettify/lang-llvm.js  
  inflating: apidoc/vendor/prettify/lang-logtalk.js  
  inflating: apidoc/vendor/prettify/lang-ls.js  
  inflating: apidoc/vendor/prettify/lang-lsp.js  
  inflating: apidoc/vendor/prettify/lang-lua.js  
  inflating: apidoc/vendor/prettify/lang-matlab.js  
  inflating: apidoc/vendor/prettify/lang-ml.js  
  inflating: apidoc/vendor/prettify/lang-mumps.js  
  inflating: apidoc/vendor/prettify/lang-n.js  
  inflating: apidoc/vendor/prettify/lang-nemerle.js  
  inflating: apidoc/vendor/prettify/lang-pascal.js  
  inflating: apidoc/vendor/prettify/lang-proto.js  
  inflating: apidoc/vendor/prettify/lang-r.js  
  inflating: apidoc/vendor/prettify/lang-rd.js  
  inflating: apidoc/vendor/prettify/lang-rkt.js  
  inflating: apidoc/vendor/prettify/lang-rust.js  
  inflating: apidoc/vendor/prettify/lang-s.js  
  inflating: apidoc/vendor/prettify/lang-scala.js  
  inflating: apidoc/vendor/prettify/lang-scm.js  
  inflating: apidoc/vendor/prettify/lang-sql.js  
  inflating: apidoc/vendor/prettify/lang-ss.js  
  inflating: apidoc/vendor/prettify/lang-swift.js  
  inflating: apidoc/vendor/prettify/lang-tcl.js  
  inflating: apidoc/vendor/prettify/lang-tex.js  
  inflating: apidoc/vendor/prettify/lang-vb.js  
  inflating: apidoc/vendor/prettify/lang-vbs.js  
  inflating: apidoc/vendor/prettify/lang-vhd.js  
  inflating: apidoc/vendor/prettify/lang-vhdl.js  
  inflating: apidoc/vendor/prettify/lang-wiki.js  
  inflating: apidoc/vendor/prettify/lang-xq.js  
  inflating: apidoc/vendor/prettify/lang-xquery.js  
  inflating: apidoc/vendor/prettify/lang-yaml.js  
  inflating: apidoc/vendor/prettify/lang-yml.js  
  inflating: apidoc/vendor/prettify/prettify.css  
  inflating: apidoc/vendor/prettify/prettify.js  
  inflating: apidoc/vendor/prettify/run_prettify.js  
[?25l[2K[1G[36mâ ‹[39m [2K[1G[36mâ ™[39m [2K[1G[?25h[32mâœ”[39m Installed 26 packages
[2K[1G[?25h[32mâœ”[39m Linked 0 latest versions
[2K[1G[?25h[32mâœ”[39m Run 0 scripts
[2K[1G[?25h[32mâœ”[39m [37mAll packages installed (used 119ms, speed 0B/s, json 0(0B), tarball 0B)[39m
[?25h[1m[34mUse --update-env to update environment variables[39m[22m
[32m[PM2] [39mApplying action restartProcessId on app [all](ids: 0)
[32m[PM2] [39m[venbor](0) âœ“
[90mâ”Œâ”€â”€â”€â”€â”€â”€â”€â”€â”¬â”€â”€â”€â”€â”€â”€â”¬â”€â”€â”€â”€â”€â”€â”€â”€â”¬â”€â”€â”€â”€â”€â”¬â”€â”€â”€â”€â”€â”¬â”€â”€â”€â”€â”€â”€â”€â”€â”€â”€â”[39m
[90mâ”‚[39m[1m[36m Name   [39m[22m[90mâ”‚[39m[1m[36m mode [39m[22m[90mâ”‚[39m[1m[36m status [39m[22m[90mâ”‚[39m[1m[36m â†º   [39m[22m[90mâ”‚[39m[1m[36m cpu [39m[22m[90mâ”‚[39m[1m[36m memory   [39m[22m[90mâ”‚[39m
[90mâ”œâ”€â”€â”€â”€â”€â”€â”€â”€â”¼â”€â”€â”€â”€â”€â”€â”¼â”€â”€â”€â”€â”€â”€â”€â”€â”¼â”€â”€â”€â”€â”€â”¼â”€â”€â”€â”€â”€â”¼â”€â”€â”€â”€â”€â”€â”€â”€â”€â”€â”¤[39m
[90mâ”‚[39m[1m[36m [1m[36mvenbor[36m[1m [39m[22m[90mâ”‚[39m [7m[1mfork[22m[27m [90mâ”‚[39m [32m[1monline[22m[39m [90mâ”‚[39m 140 [90mâ”‚[39m 0%  [90mâ”‚[39m 7.4 MB   [90mâ”‚[39m
[90mâ””â”€â”€â”€â”€â”€â”€â”€â”€â”´â”€â”€â”€â”€â”€â”€â”´â”€â”€â”€â”€â”€â”€â”€â”€â”´â”€â”€â”€â”€â”€â”´â”€â”€â”€â”€â”€â”´â”€â”€â”€â”€â”€â”€â”€â”€â”€â”€â”˜[39m
[37m[3m Use `pm2 show <id|name>` to get more details about an app[23m[39m
publish finished
[root@localhost ~]# exit
logout
