[2018-01-11T23:02:49.552] [INFO] default - 测试info
[2018-01-11T23:02:49.554] [DEBUG] default - 测试BUG
[2018-01-11T23:05:00.837] [ERROR] default - 测试error
[2018-01-11T23:24:24.619] [DEBUG] default - test debug
[2018-01-11T23:24:50.367] [INFO] default - USER signIn 用户登录
[2018-01-11T23:25:14.050] [INFO] default - USER signIn 用户登录
[2018-01-11T23:25:56.771] [DEBUG] default - test debug
[2018-01-11T23:25:59.546] [INFO] default - USER signIn 用户登录
[2018-01-11T23:28:38.560] [INFO] default - USER signIn 用户登录
[2018-01-11T23:28:44.396] [INFO] default - USER signIn 用户登录
[2018-01-11T23:28:56.676] [DEBUG] default - test debug
[2018-01-11T23:28:58.750] [INFO] default - USER signIn 用户登录
[2018-01-11T23:30:29.084] [DEBUG] default - test debug
[2018-01-11T23:30:32.005] [INFO] default - USER signIn 用户登录
[2018-01-11T23:31:54.160] [DEBUG] default - test debug
[2018-01-11T23:31:54.356] [INFO] default - USER signIn 用户登录
[2018-01-11T23:32:09.299] [DEBUG] default - test debug
[2018-01-11T23:32:12.520] [INFO] default - USER signIn 用户登录
[2018-01-11T23:32:17.450] [INFO] default - USER signIn 用户登录
[2018-01-11T23:34:17.464] [INFO] default - USER signIn 用户登录
[2018-01-11T23:36:17.501] [INFO] default - USER signIn 用户登录
[2018-01-11T23:45:19.932] [DEBUG] default - test debug
[2018-01-11T23:45:27.647] [INFO] default - USER signIn 用户登录
[2018-01-11T23:46:44.967] [DEBUG] default - test debug
[2018-01-11T23:46:47.378] [INFO] default - USER signIn 用户登录
[2018-01-11T23:47:44.352] [DEBUG] default - test debug
[2018-01-11T23:47:46.271] [INFO] default - USER signIn 用户登录
[2018-01-11T23:48:13.045] [INFO] default - USER signIn 用户登录
[2018-01-11T23:48:36.784] [INFO] default - USER signIn 用户登录
[2018-01-12T00:01:35.963] [DEBUG] default - test debug
[2018-01-12T00:02:14.679] [INFO] default - USER signIn 用户登录
[2018-01-12T00:06:09.389] [INFO] default - USER signIn 用户登录
[2018-01-12T00:06:23.765] [DEBUG] default - test debug
[2018-01-12T00:06:25.921] [INFO] default - USER signIn 用户登录
[2018-01-12T00:09:33.796] [INFO] default - USER signIn 用户登录
[2018-01-12T00:09:36.818] [INFO] default - USER signIn 用户登录
[2018-01-12T00:09:39.497] [INFO] default - USER signIn 用户登录
[2018-01-12T00:09:58.329] [INFO] default - USER signIn 用户登录
[2018-01-12T00:10:05.960] [DEBUG] default - test debug
[2018-01-12T00:10:08.082] [INFO] default - USER signIn 用户登录
[2018-01-12T00:21:20.447] [DEBUG] default - test debug
[2018-01-12T00:21:22.479] [INFO] default - USER signIn 用户登录
[2018-01-12T00:21:42.460] [INFO] default - USER signIn 用户登录
[2018-01-12T00:21:45.382] [DEBUG] default - test debug
[2018-01-12T00:21:47.920] [INFO] default - USER signIn 用户登录
[2018-01-12T11:12:36.635] [DEBUG] default - test debug
[2018-01-12T11:13:07.009] [INFO] default - USER signIn 用户登录
[2018-01-12T11:16:17.037] [DEBUG] default - test debug
[2018-01-12T11:16:21.198] [INFO] default - USER signIn 用户登录
[2018-01-12T11:16:27.823] [INFO] default - USER signIn 用户登录
[2018-01-12T11:16:31.177] [INFO] default - USER signIn 用户登录
[2018-01-12T11:17:01.394] [DEBUG] default - test debug
[2018-01-12T11:17:05.358] [INFO] default - USER signIn 用户登录
[2018-01-12T11:18:15.029] [DEBUG] default - test debug
[2018-01-12T11:18:17.890] [INFO] default - USER signIn 用户登录
[2018-01-12T11:18:19.749] [INFO] default - USER signIn 用户登录
[2018-01-12T11:18:40.273] [DEBUG] default - test debug
[2018-01-12T11:18:42.980] [INFO] default - USER signIn 用户登录
[2018-01-12T11:26:01.090] [DEBUG] default - test debug
[2018-01-12T11:26:07.533] [INFO] default - USER signIn 用户登录
[2018-01-12T11:29:10.998] [DEBUG] default - test debug
[2018-01-12T11:29:18.076] [INFO] default - USER signIn 用户登录
[2018-01-12T11:30:53.656] [DEBUG] default - test debug
[2018-01-12T11:30:57.392] [INFO] default - USER signIn 用户登录
[2018-01-12T11:31:38.106] [DEBUG] default - test debug
[2018-01-12T11:31:41.247] [INFO] default - USER signIn 用户登录
[2018-01-12T11:32:24.355] [DEBUG] default - test debug
[2018-01-12T11:32:27.500] [INFO] default - USER signIn 用户登录
[2018-01-12T11:34:43.265] [DEBUG] default - test debug
[2018-01-12T11:34:46.766] [INFO] default - USER signIn 用户登录
[2018-01-12T11:35:58.601] [DEBUG] default - test debug
[2018-01-12T11:36:02.606] [INFO] default - USER signIn 用户登录
[2018-01-12T14:20:08.162] [DEBUG] default - test debug
[2018-01-12T14:20:13.479] [INFO] default - USER signIn 用户登录
[2018-01-12T14:22:15.262] [DEBUG] default - test debug
[2018-01-12T14:22:17.037] [INFO] default - USER signIn 用户登录
[2018-01-12T14:25:08.090] [DEBUG] default - test debug
[2018-01-12T14:25:09.906] [INFO] default - USER signIn 用户登录
[2018-01-12T14:27:12.094] [INFO] default - USER signIn 用户登录
[2018-01-12T14:27:14.064] [INFO] default - USER signIn 用户登录
[2018-01-12T14:30:02.579] [INFO] default - USER signIn 用户登录
[2018-01-12T14:30:07.473] [INFO] default - USER signIn 用户登录
[2018-01-12T14:30:09.115] [INFO] default - USER signIn 用户登录
[2018-01-12T15:14:49.237] [DEBUG] default - test debug
[2018-01-12T15:14:53.089] [INFO] default - USER signIn 用户登录
[2018-01-12T15:15:30.236] [INFO] default - USER signIn 用户登录
[2018-01-12T15:15:34.657] [INFO] default - USER signIn 用户登录
[2018-01-13T01:19:18.647] [DEBUG] default - test debug
[2018-01-13T01:19:38.130] [INFO] default - USER signIn 用户登录
[2018-01-13T01:21:39.345] [INFO] default - USER signIn 用户登录
[2018-01-13T01:24:36.293] [DEBUG] default - test debug
[2018-01-13T01:24:53.229] [INFO] default - USER signIn 用户登录
[2018-01-13T01:25:27.645] [DEBUG] default - test debug
[2018-01-13T01:25:31.392] [INFO] default - USER signIn 用户登录
[2018-01-13T01:26:40.919] [DEBUG] default - test debug
[2018-01-13T01:26:44.358] [INFO] default - USER signIn 用户登录
[2018-01-13T01:27:16.803] [DEBUG] default - test debug
[2018-01-13T01:27:18.977] [INFO] default - USER signIn 用户登录
[2018-01-13T01:28:23.452] [DEBUG] default - test debug
[2018-01-13T01:28:26.801] [INFO] default - USER signIn 用户登录
[2018-01-13T01:29:22.267] [DEBUG] default - test debug
[2018-01-13T01:29:25.848] [INFO] default - USER signIn 用户登录
[2018-01-13T01:30:33.634] [DEBUG] default - test debug
[2018-01-13T01:30:37.629] [INFO] default - USER signIn 用户登录
[2018-01-13T01:31:07.424] [DEBUG] default - test debug
[2018-01-13T01:31:09.601] [INFO] default - USER signIn 用户登录
[2018-01-13T01:31:25.065] [DEBUG] default - test debug
[2018-01-13T01:31:29.038] [INFO] default - USER signIn 用户登录
[2018-01-13T01:32:46.828] [DEBUG] default - test debug
[2018-01-13T01:32:51.102] [INFO] default - USER signIn 用户登录
[2018-01-13T01:33:24.547] [DEBUG] default - test debug
[2018-01-13T01:33:27.825] [INFO] default - USER signIn 用户登录
[2018-01-13T01:35:03.613] [DEBUG] default - test debug
[2018-01-13T01:35:06.847] [INFO] default - USER signIn 用户登录
[2018-01-13T01:35:56.450] [DEBUG] default - test debug
[2018-01-13T01:36:00.073] [INFO] default - USER signIn 用户登录
[2018-01-13T01:39:22.386] [DEBUG] default - test debug
[2018-01-13T01:39:26.462] [INFO] default - USER signIn 用户登录
[2018-01-13T01:43:40.687] [DEBUG] default - test debug
[2018-01-13T01:43:45.379] [INFO] default - USER signIn 用户登录
[2018-01-13T01:47:30.139] [DEBUG] default - test debug
[2018-01-13T01:47:34.125] [INFO] default - USER signIn 用户登录
[2018-01-13T01:51:04.844] [DEBUG] default - test debug
[2018-01-13T01:51:08.247] [INFO] default - USER signIn 用户登录
[2018-01-13T01:52:45.706] [DEBUG] default - test debug
[2018-01-13T01:52:49.054] [INFO] default - USER signIn 用户登录
[2018-01-13T01:53:53.275] [DEBUG] default - test debug
[2018-01-13T01:53:58.189] [INFO] default - USER signIn 用户登录
[2018-01-13T01:55:20.376] [DEBUG] default - test debug
[2018-01-13T01:55:24.276] [INFO] default - USER signIn 用户登录
[2018-01-13T01:58:08.399] [DEBUG] default - test debug
[2018-01-13T01:58:14.388] [INFO] default - USER signIn 用户登录
[2018-01-13T01:58:23.441] [INFO] default - USER signIn 用户登录
[2018-01-13T01:59:23.069] [DEBUG] default - test debug
[2018-01-13T01:59:26.337] [INFO] default - USER signIn 用户登录
[2018-01-13T02:00:04.551] [DEBUG] default - test debug
[2018-01-13T02:00:07.742] [INFO] default - USER signIn 用户登录
[2018-01-13T02:01:22.201] [DEBUG] default - test debug
[2018-01-13T02:01:25.484] [INFO] default - USER signIn 用户登录
[2018-01-13T09:18:10.444] [DEBUG] default - test debug
[2018-01-13T09:18:24.864] [INFO] default - USER signIn 用户登录
[2018-01-13T09:19:22.916] [DEBUG] default - test debug
[2018-01-13T09:19:24.949] [INFO] default - USER signIn 用户登录
[2018-01-13T09:21:58.052] [INFO] default - USER signIn 用户登录
[2018-01-13T09:22:06.653] [DEBUG] default - test debug
[2018-01-13T09:22:08.379] [INFO] default - USER signIn 用户登录
[2018-01-13T09:22:10.150] [INFO] default - USER signIn 用户登录
[2018-01-13T09:28:51.065] [DEBUG] default - test debug
[2018-01-13T09:28:54.695] [INFO] default - USER signIn 用户登录
[2018-01-13T09:28:56.977] [INFO] default - USER signIn 用户登录
[2018-01-13T09:35:10.346] [DEBUG] default - test debug
[2018-01-13T09:35:15.263] [INFO] default - USER signIn 用户登录
[2018-01-13T09:38:35.783] [DEBUG] default - test debug
[2018-01-13T09:38:37.933] [INFO] default - USER signIn 用户登录
[2018-01-13T09:38:39.970] [INFO] default - USER signIn 用户登录
[2018-01-13T09:39:32.047] [DEBUG] default - test debug
[2018-01-13T09:39:33.751] [INFO] default - USER signIn 用户登录
[2018-01-13T14:04:01.133] [DEBUG] default - test debug
[2018-01-13T14:04:14.762] [INFO] default - USER signIn 用户登录
[2018-01-13T14:04:19.729] [INFO] default - USER signIn 用户登录
[2018-01-13T14:05:44.508] [DEBUG] default - test debug
[2018-01-13T14:05:46.574] [INFO] default - USER signIn 用户登录
[2018-01-13T14:05:48.412] [INFO] default - USER signIn 用户登录
[2018-01-13T14:07:56.489] [DEBUG] default - test debug
[2018-01-13T14:07:59.070] [INFO] default - USER signIn 用户登录
[2018-01-13T14:10:25.749] [DEBUG] default - test debug
[2018-01-13T14:10:27.789] [INFO] default - USER signIn 用户登录
[2018-01-13T14:20:14.701] [DEBUG] default - test debug
[2018-01-13T14:20:18.417] [INFO] default - USER signIn 用户登录
[2018-01-13T14:21:53.145] [DEBUG] default - test debug
[2018-01-13T14:21:57.359] [INFO] default - USER signIn 用户登录
[2018-01-13T14:23:20.739] [DEBUG] default - test debug
[2018-01-13T14:23:22.701] [INFO] default - USER signIn 用户登录
[2018-01-13T14:24:50.435] [DEBUG] default - test debug
[2018-01-13T14:24:53.037] [INFO] default - USER signIn 用户登录
[2018-01-13T14:26:57.276] [DEBUG] default - test debug
[2018-01-13T14:26:58.851] [INFO] default - USER signIn 用户登录
[2018-01-13T14:28:43.747] [INFO] default - USER signIn 用户登录
[2018-01-13T14:30:43.753] [INFO] default - USER signIn 用户登录
[2018-01-13T14:32:43.797] [INFO] default - USER signIn 用户登录
[2018-01-13T14:37:18.239] [INFO] default - USER signIn 用户登录
[2018-01-13T14:40:05.738] [DEBUG] default - test debug
[2018-01-13T14:40:32.808] [INFO] default - USER signIn 用户登录
[2018-01-13T14:40:45.930] [INFO] default - USER signIn 用户登录
[2018-01-13T14:41:30.575] [DEBUG] default - test debug
[2018-01-13T14:41:35.625] [INFO] default - USER signIn 用户登录
[2018-01-13T14:42:29.095] [INFO] default - USER signIn 用户登录
[2018-01-13T15:05:04.672] [DEBUG] default - test debug
[2018-01-13T15:05:09.112] [INFO] default - USER signIn 用户登录
[2018-01-19T21:33:16.571] [DEBUG] default - test debug
[2018-01-19T21:37:53.638] [DEBUG] default - test debug
[2018-04-08T13:58:32.783] [DEBUG] default - test debug
[2018-04-08T14:00:00.800] [DEBUG] default - test debug
[2018-04-08T14:01:25.292] [DEBUG] default - test debug
[2018-04-08T14:10:46.382] [DEBUG] default - test debug
[2018-04-08T14:12:07.719] [DEBUG] default - test debug
[2018-04-08T14:14:18.906] [DEBUG] default - test debug
[2018-04-08T14:38:52.200] [DEBUG] default - test debug
[2018-04-08T15:51:42.492] [DEBUG] default - test debug
[2018-04-08T15:54:00.308] [DEBUG] default - test debug
[2018-04-08T15:55:30.710] [DEBUG] default - test debug
[2018-04-08T16:15:05.558] [DEBUG] default - test debug
[2018-04-08T16:15:39.023] [DEBUG] default - test debug
[2018-04-08T16:18:17.361] [DEBUG] default - test debug
[2018-04-08T16:19:03.526] [DEBUG] default - test debug
[2018-04-08T16:32:03.204] [DEBUG] default - test debug
[2018-04-08T16:32:25.167] [DEBUG] default - test debug
